<?xml version="1.0" encoding="UTF-8"?>
<robot generator="Robot 3.2.2 (Python 3.8.0 on darwin)" generated="20201025 23:34:58.165" rpa="false">
<suite id="s1" name="Amazon" source="/Users/senacubuk/PycharmProjects/Amazon/Tests/Amazon.robot">
<test id="s1-t1" name="User must sign in to check out">
<kw name="Open Browser" library="SeleniumLibrary">
<doc>Opens a new browser instance to the optional ``url``.</doc>
<arguments>
<arg>http://www.amazon.com.tr</arg>
<arg>chrome</arg>
</arguments>
<msg timestamp="20201025 23:34:58.445" level="INFO">Opening browser 'chrome' to base url 'http://www.amazon.com.tr'.</msg>
<status status="PASS" starttime="20201025 23:34:58.445" endtime="20201025 23:35:02.923"></status>
</kw>
<kw name="Wait Until Page Contains" library="SeleniumLibrary">
<doc>Waits until ``text`` appears on the current page.</doc>
<arguments>
<arg>Çok Satanlar</arg>
</arguments>
<status status="PASS" starttime="20201025 23:35:02.924" endtime="20201025 23:35:02.956"></status>
</kw>
<kw name="Click Button" library="SeleniumLibrary">
<doc>Clicks the button identified by ``locator``.</doc>
<arguments>
<arg>id=sp-cc-accept</arg>
</arguments>
<msg timestamp="20201025 23:35:02.956" level="INFO">Clicking button 'id=sp-cc-accept'.</msg>
<status status="PASS" starttime="20201025 23:35:02.956" endtime="20201025 23:35:03.087"></status>
</kw>
<kw name="Input Text" library="SeleniumLibrary">
<doc>Types the given ``text`` into the text field identified by ``locator``.</doc>
<arguments>
<arg>id=twotabsearchtextbox</arg>
<arg>huawei p40</arg>
</arguments>
<msg timestamp="20201025 23:35:03.087" level="INFO">Typing text 'huawei p40' into text field 'id=twotabsearchtextbox'.</msg>
<status status="PASS" starttime="20201025 23:35:03.087" endtime="20201025 23:35:03.398"></status>
</kw>
<kw name="Click Button" library="SeleniumLibrary">
<doc>Clicks the button identified by ``locator``.</doc>
<arguments>
<arg>xpath=//input[@value='Git']</arg>
</arguments>
<msg timestamp="20201025 23:35:03.399" level="INFO">Clicking button 'xpath=//input[@value='Git']'.</msg>
<status status="PASS" starttime="20201025 23:35:03.399" endtime="20201025 23:35:03.645"></status>
</kw>
<kw name="Wait Until Page Contains" library="SeleniumLibrary">
<doc>Waits until ``text`` appears on the current page.</doc>
<arguments>
<arg>Aranan ürün: "huawei p40"</arg>
</arguments>
<status status="PASS" starttime="20201025 23:35:03.645" endtime="20201025 23:35:03.882"></status>
</kw>
<kw name="Sleep" library="BuiltIn">
<doc>Pauses the test executed for the given time.</doc>
<arguments>
<arg>3s</arg>
</arguments>
<msg timestamp="20201025 23:35:06.884" level="INFO">Slept 3 seconds</msg>
<status status="PASS" starttime="20201025 23:35:03.882" endtime="20201025 23:35:06.884"></status>
</kw>
<kw name="Click Image" library="SeleniumLibrary">
<doc>Clicks an image identified by ``locator``.</doc>
<arguments>
<arg>Huawei P40 Lite 6.4" 6/128 Gb Akıllı Telefon, Pembe</arg>
</arguments>
<msg timestamp="20201025 23:35:06.885" level="INFO">Clicking image 'Huawei P40 Lite 6.4" 6/128 Gb Akıllı Telefon, Pembe'.</msg>
<status status="PASS" starttime="20201025 23:35:06.885" endtime="20201025 23:35:08.448"></status>
</kw>
<kw name="Sleep" library="BuiltIn">
<doc>Pauses the test executed for the given time.</doc>
<arguments>
<arg>3s</arg>
</arguments>
<msg timestamp="20201025 23:35:11.451" level="INFO">Slept 3 seconds</msg>
<status status="PASS" starttime="20201025 23:35:08.448" endtime="20201025 23:35:11.451"></status>
</kw>
<kw name="Wait Until Page Contains" library="SeleniumLibrary">
<doc>Waits until ``text`` appears on the current page.</doc>
<arguments>
<arg>Sonuçlara dön</arg>
</arguments>
<status status="PASS" starttime="20201025 23:35:11.452" endtime="20201025 23:35:11.478"></status>
</kw>
<kw name="Click Button" library="SeleniumLibrary">
<doc>Clicks the button identified by ``locator``.</doc>
<arguments>
<arg>id=add-to-cart-button</arg>
</arguments>
<msg timestamp="20201025 23:35:11.479" level="INFO">Clicking button 'id=add-to-cart-button'.</msg>
<status status="PASS" starttime="20201025 23:35:11.478" endtime="20201025 23:35:12.400"></status>
</kw>
<kw name="Wait Until Page Contains" library="SeleniumLibrary">
<doc>Waits until ``text`` appears on the current page.</doc>
<arguments>
<arg>Sepete Eklendi</arg>
</arguments>
<status status="PASS" starttime="20201025 23:35:12.400" endtime="20201025 23:35:12.420"></status>
</kw>
<kw name="Click Link" library="SeleniumLibrary">
<doc>Clicks a link identified by ``locator``.</doc>
<arguments>
<arg>id=hlb-view-cart-announce</arg>
</arguments>
<msg timestamp="20201025 23:35:12.420" level="INFO">Clicking link 'id=hlb-view-cart-announce'.</msg>
<status status="PASS" starttime="20201025 23:35:12.420" endtime="20201025 23:35:13.514"></status>
</kw>
<kw name="Wait Until Page Contains" library="SeleniumLibrary">
<doc>Waits until ``text`` appears on the current page.</doc>
<arguments>
<arg>Alışverişi Tamamla</arg>
</arguments>
<status status="PASS" starttime="20201025 23:35:13.515" endtime="20201025 23:35:13.530"></status>
</kw>
<kw name="Close Browser" library="SeleniumLibrary">
<doc>Closes the current browser.</doc>
<status status="PASS" starttime="20201025 23:35:13.530" endtime="20201025 23:35:13.705"></status>
</kw>
<doc>This is some basic info about the test</doc>
<tags>
<tag>Smoke</tag>
</tags>
<status status="PASS" starttime="20201025 23:34:58.444" endtime="20201025 23:35:13.706" critical="yes"></status>
</test>
<doc>This is some basic info about the whole suite</doc>
<status status="PASS" starttime="20201025 23:34:58.166" endtime="20201025 23:35:13.708"></status>
</suite>
<statistics>
<total>
<stat pass="1" fail="0">Critical Tests</stat>
<stat pass="1" fail="0">All Tests</stat>
</total>
<tag>
<stat pass="1" fail="0">Smoke</stat>
</tag>
<suite>
<stat pass="1" fail="0" id="s1" name="Amazon">Amazon</stat>
</suite>
</statistics>
<errors>
</errors>
</robot>
